{"/Users/adityaverma/Desktop/quiz-app/src/app.ts": {"path":"/Users/adityaverma/Desktop/quiz-app/src/app.ts","statementMap":{"0":{"start":{"line":1,"column":0},"end":{"line":1,"column":30}},"1":{"start":{"line":2,"column":0},"end":{"line":2,"column":24}},"2":{"start":{"line":3,"column":0},"end":{"line":3,"column":39}},"3":{"start":{"line":5,"column":12},"end":{"line":5,"column":21}},"4":{"start":{"line":7,"column":0},"end":{"line":7,"column":16}},"5":{"start":{"line":8,"column":0},"end":{"line":8,"column":24}},"6":{"start":{"line":9,"column":0},"end":{"line":9,"column":28}},"7":{"start":{"line":11,"column":0},"end":{"line":11,"column":19}}},"fnMap":{},"branchMap":{},"s":{"0":1,"1":1,"2":1,"3":1,"4":1,"5":1,"6":1,"7":1},"f":{},"b":{}}
,"/Users/adityaverma/Desktop/quiz-app/src/data/store.js": {"path":"/Users/adityaverma/Desktop/quiz-app/src/data/store.js","statementMap":{"0":{"start":{"line":3,"column":0},"end":{"line":3,"column":62}},"1":{"start":{"line":4,"column":0},"end":{"line":4,"column":43}},"2":{"start":{"line":5,"column":0},"end":{"line":5,"column":38}},"3":{"start":{"line":6,"column":0},"end":{"line":6,"column":40}},"4":{"start":{"line":7,"column":0},"end":{"line":7,"column":28}},"5":{"start":{"line":8,"column":0},"end":{"line":8,"column":28}},"6":{"start":{"line":11,"column":4},"end":{"line":11,"column":98}},"7":{"start":{"line":14,"column":4},"end":{"line":16,"column":5}},"8":{"start":{"line":15,"column":8},"end":{"line":15,"column":47}},"9":{"start":{"line":17,"column":4},"end":{"line":17,"column":52}}},"fnMap":{"0":{"name":"getUserResult","decl":{"start":{"line":9,"column":9},"end":{"line":9,"column":22}},"loc":{"start":{"line":9,"column":39},"end":{"line":12,"column":1}},"line":9},"1":{"name":"saveUserResult","decl":{"start":{"line":13,"column":9},"end":{"line":13,"column":23}},"loc":{"start":{"line":13,"column":48},"end":{"line":18,"column":1}},"line":13}},"branchMap":{"0":{"loc":{"start":{"line":11,"column":11},"end":{"line":11,"column":97}},"type":"cond-expr","locations":[{"start":{"line":11,"column":74},"end":{"line":11,"column":80}},{"start":{"line":11,"column":83},"end":{"line":11,"column":97}}],"line":11},"1":{"loc":{"start":{"line":11,"column":11},"end":{"line":11,"column":71}},"type":"binary-expr","locations":[{"start":{"line":11,"column":11},"end":{"line":11,"column":54}},{"start":{"line":11,"column":58},"end":{"line":11,"column":71}}],"line":11},"2":{"loc":{"start":{"line":14,"column":4},"end":{"line":16,"column":5}},"type":"if","locations":[{"start":{"line":14,"column":4},"end":{"line":16,"column":5}},{"start":{},"end":{}}],"line":14}},"s":{"0":1,"1":1,"2":1,"3":1,"4":1,"5":1,"6":2,"7":1,"8":1,"9":1},"f":{"0":2,"1":1},"b":{"0":[1,1],"1":[2,2],"2":[1,0]},"inputSourceMap":null,"_coverageSchema":"1a1c01bbd47fc00a2c39e90264f33305004495a9","hash":"1f8b649a07f400191ac80da33cdb42aeef87144c"}
,"/Users/adityaverma/Desktop/quiz-app/src/routes/quiz.js": {"path":"/Users/adityaverma/Desktop/quiz-app/src/routes/quiz.js","statementMap":{"0":{"start":{"line":3,"column":0},"end":{"line":3,"column":62}},"1":{"start":{"line":4,"column":18},"end":{"line":4,"column":36}},"2":{"start":{"line":5,"column":16},"end":{"line":5,"column":40}},"3":{"start":{"line":6,"column":15},"end":{"line":6,"column":30}},"4":{"start":{"line":7,"column":15},"end":{"line":7,"column":38}},"5":{"start":{"line":9,"column":0},"end":{"line":28,"column":3}},"6":{"start":{"line":10,"column":33},"end":{"line":10,"column":41}},"7":{"start":{"line":11,"column":4},"end":{"line":13,"column":5}},"8":{"start":{"line":12,"column":8},"end":{"line":12,"column":98}},"9":{"start":{"line":14,"column":19},"end":{"line":14,"column":35}},"10":{"start":{"line":15,"column":31},"end":{"line":20,"column":7}},"11":{"start":{"line":15,"column":53},"end":{"line":20,"column":5}},"12":{"start":{"line":21,"column":20},"end":{"line":25,"column":5}},"13":{"start":{"line":26,"column":4},"end":{"line":26,"column":41}},"14":{"start":{"line":27,"column":4},"end":{"line":27,"column":41}},"15":{"start":{"line":30,"column":0},"end":{"line":41,"column":3}},"16":{"start":{"line":31,"column":17},"end":{"line":31,"column":51}},"17":{"start":{"line":32,"column":4},"end":{"line":34,"column":5}},"18":{"start":{"line":33,"column":8},"end":{"line":33,"column":65}},"19":{"start":{"line":35,"column":22},"end":{"line":39,"column":7}},"20":{"start":{"line":35,"column":69},"end":{"line":39,"column":5}},"21":{"start":{"line":40,"column":4},"end":{"line":40,"column":72}},"22":{"start":{"line":43,"column":0},"end":{"line":74,"column":3}},"23":{"start":{"line":44,"column":40},"end":{"line":44,"column":48}},"24":{"start":{"line":45,"column":35},"end":{"line":45,"column":45}},"25":{"start":{"line":46,"column":4},"end":{"line":48,"column":5}},"26":{"start":{"line":47,"column":8},"end":{"line":47,"column":101}},"27":{"start":{"line":49,"column":17},"end":{"line":49,"column":44}},"28":{"start":{"line":50,"column":4},"end":{"line":51,"column":65}},"29":{"start":{"line":51,"column":8},"end":{"line":51,"column":65}},"30":{"start":{"line":52,"column":21},"end":{"line":52,"column":66}},"31":{"start":{"line":52,"column":46},"end":{"line":52,"column":65}},"32":{"start":{"line":53,"column":4},"end":{"line":54,"column":69}},"33":{"start":{"line":54,"column":8},"end":{"line":54,"column":69}},"34":{"start":{"line":55,"column":22},"end":{"line":55,"column":65}},"35":{"start":{"line":56,"column":17},"end":{"line":61,"column":5}},"36":{"start":{"line":62,"column":4},"end":{"line":66,"column":7}},"37":{"start":{"line":67,"column":4},"end":{"line":68,"column":26}},"38":{"start":{"line":68,"column":8},"end":{"line":68,"column":26}},"39":{"start":{"line":69,"column":4},"end":{"line":69,"column":56}},"40":{"start":{"line":70,"column":4},"end":{"line":73,"column":7}},"41":{"start":{"line":76,"column":0},"end":{"line":82,"column":3}},"42":{"start":{"line":77,"column":19},"end":{"line":77,"column":83}},"43":{"start":{"line":78,"column":4},"end":{"line":80,"column":5}},"44":{"start":{"line":79,"column":8},"end":{"line":79,"column":67}},"45":{"start":{"line":81,"column":4},"end":{"line":81,"column":33}},"46":{"start":{"line":83,"column":0},"end":{"line":83,"column":25}}},"fnMap":{"0":{"name":"(anonymous_0)","decl":{"start":{"line":9,"column":24},"end":{"line":9,"column":25}},"loc":{"start":{"line":9,"column":38},"end":{"line":28,"column":1}},"line":9},"1":{"name":"(anonymous_1)","decl":{"start":{"line":15,"column":45},"end":{"line":15,"column":46}},"loc":{"start":{"line":15,"column":53},"end":{"line":20,"column":5}},"line":15},"2":{"name":"(anonymous_2)","decl":{"start":{"line":30,"column":27},"end":{"line":30,"column":28}},"loc":{"start":{"line":30,"column":41},"end":{"line":41,"column":1}},"line":30},"3":{"name":"(anonymous_3)","decl":{"start":{"line":35,"column":41},"end":{"line":35,"column":42}},"loc":{"start":{"line":35,"column":69},"end":{"line":39,"column":5}},"line":35},"4":{"name":"(anonymous_4)","decl":{"start":{"line":43,"column":61},"end":{"line":43,"column":62}},"loc":{"start":{"line":43,"column":75},"end":{"line":74,"column":1}},"line":43},"5":{"name":"(anonymous_5)","decl":{"start":{"line":52,"column":41},"end":{"line":52,"column":42}},"loc":{"start":{"line":52,"column":46},"end":{"line":52,"column":65}},"line":52},"6":{"name":"(anonymous_6)","decl":{"start":{"line":76,"column":47},"end":{"line":76,"column":48}},"loc":{"start":{"line":76,"column":61},"end":{"line":82,"column":1}},"line":76}},"branchMap":{"0":{"loc":{"start":{"line":11,"column":4},"end":{"line":13,"column":5}},"type":"if","locations":[{"start":{"line":11,"column":4},"end":{"line":13,"column":5}},{"start":{},"end":{}}],"line":11},"1":{"loc":{"start":{"line":11,"column":8},"end":{"line":11,"column":43}},"type":"binary-expr","locations":[{"start":{"line":11,"column":8},"end":{"line":11,"column":14}},{"start":{"line":11,"column":18},"end":{"line":11,"column":43}}],"line":11},"2":{"loc":{"start":{"line":32,"column":4},"end":{"line":34,"column":5}},"type":"if","locations":[{"start":{"line":32,"column":4},"end":{"line":34,"column":5}},{"start":{},"end":{}}],"line":32},"3":{"loc":{"start":{"line":46,"column":4},"end":{"line":48,"column":5}},"type":"if","locations":[{"start":{"line":46,"column":4},"end":{"line":48,"column":5}},{"start":{},"end":{}}],"line":46},"4":{"loc":{"start":{"line":46,"column":8},"end":{"line":46,"column":54}},"type":"binary-expr","locations":[{"start":{"line":46,"column":8},"end":{"line":46,"column":15}},{"start":{"line":46,"column":19},"end":{"line":46,"column":54}}],"line":46},"5":{"loc":{"start":{"line":50,"column":4},"end":{"line":51,"column":65}},"type":"if","locations":[{"start":{"line":50,"column":4},"end":{"line":51,"column":65}},{"start":{},"end":{}}],"line":50},"6":{"loc":{"start":{"line":53,"column":4},"end":{"line":54,"column":69}},"type":"if","locations":[{"start":{"line":53,"column":4},"end":{"line":54,"column":69}},{"start":{},"end":{}}],"line":53},"7":{"loc":{"start":{"line":56,"column":17},"end":{"line":61,"column":5}},"type":"binary-expr","locations":[{"start":{"line":56,"column":17},"end":{"line":56,"column":59}},{"start":{"line":56,"column":63},"end":{"line":61,"column":5}}],"line":56},"8":{"loc":{"start":{"line":67,"column":4},"end":{"line":68,"column":26}},"type":"if","locations":[{"start":{"line":67,"column":4},"end":{"line":68,"column":26}},{"start":{},"end":{}}],"line":67},"9":{"loc":{"start":{"line":72,"column":24},"end":{"line":72,"column":71}},"type":"cond-expr","locations":[{"start":{"line":72,"column":36},"end":{"line":72,"column":45}},{"start":{"line":72,"column":48},"end":{"line":72,"column":71}}],"line":72},"10":{"loc":{"start":{"line":78,"column":4},"end":{"line":80,"column":5}},"type":"if","locations":[{"start":{"line":78,"column":4},"end":{"line":80,"column":5}},{"start":{},"end":{}}],"line":78}},"s":{"0":1,"1":1,"2":1,"3":1,"4":1,"5":1,"6":2,"7":2,"8":1,"9":1,"10":1,"11":1,"12":1,"13":1,"14":1,"15":1,"16":2,"17":2,"18":1,"19":1,"20":1,"21":1,"22":1,"23":2,"24":2,"25":2,"26":1,"27":1,"28":1,"29":0,"30":1,"31":1,"32":1,"33":0,"34":1,"35":1,"36":1,"37":1,"38":1,"39":1,"40":1,"41":1,"42":1,"43":1,"44":0,"45":1,"46":1},"f":{"0":2,"1":1,"2":2,"3":1,"4":2,"5":1,"6":1},"b":{"0":[1,1],"1":[2,1],"2":[1,1],"3":[1,1],"4":[2,1],"5":[0,1],"6":[0,1],"7":[1,1],"8":[1,0],"9":[1,0],"10":[0,1]},"inputSourceMap":null,"_coverageSchema":"1a1c01bbd47fc00a2c39e90264f33305004495a9","hash":"379dc5063d7f40de6d3123ea8f702c0c1c5d325b"}
}
