TN:
SF:src/app.ts
FNF:0
FNH:0
DA:1,1
DA:2,1
DA:3,1
DA:5,1
DA:7,1
DA:8,1
DA:9,1
DA:11,1
LF:8
LH:8
BRF:0
BRH:0
end_of_record
TN:
SF:src/data/store.js
FN:9,getUserResult
FN:13,saveUserResult
FNF:2
FNH:2
FNDA:2,getUserResult
FNDA:1,saveUserResult
DA:3,1
DA:4,1
DA:5,1
DA:6,1
DA:7,1
DA:8,1
DA:11,2
DA:14,1
DA:15,1
DA:17,1
LF:10
LH:10
BRDA:11,0,0,1
BRDA:11,0,1,1
BRDA:11,1,0,2
BRDA:11,1,1,2
BRDA:14,2,0,1
BRDA:14,2,1,0
BRF:6
BRH:5
end_of_record
TN:
SF:src/routes/quiz.js
FN:9,(anonymous_0)
FN:15,(anonymous_1)
FN:30,(anonymous_2)
FN:35,(anonymous_3)
FN:43,(anonymous_4)
FN:52,(anonymous_5)
FN:76,(anonymous_6)
FNF:7
FNH:7
FNDA:2,(anonymous_0)
FNDA:1,(anonymous_1)
FNDA:2,(anonymous_2)
FNDA:1,(anonymous_3)
FNDA:2,(anonymous_4)
FNDA:1,(anonymous_5)
FNDA:1,(anonymous_6)
DA:3,1
DA:4,1
DA:5,1
DA:6,1
DA:7,1
DA:9,1
DA:10,2
DA:11,2
DA:12,1
DA:14,1
DA:15,1
DA:21,1
DA:26,1
DA:27,1
DA:30,1
DA:31,2
DA:32,2
DA:33,1
DA:35,1
DA:40,1
DA:43,1
DA:44,2
DA:45,2
DA:46,2
DA:47,1
DA:49,1
DA:50,1
DA:51,0
DA:52,1
DA:53,1
DA:54,0
DA:55,1
DA:56,1
DA:62,1
DA:67,1
DA:68,1
DA:69,1
DA:70,1
DA:76,1
DA:77,1
DA:78,1
DA:79,0
DA:81,1
DA:83,1
LF:44
LH:41
BRDA:11,0,0,1
BRDA:11,0,1,1
BRDA:11,1,0,2
BRDA:11,1,1,1
BRDA:32,2,0,1
BRDA:32,2,1,1
BRDA:46,3,0,1
BRDA:46,3,1,1
BRDA:46,4,0,2
BRDA:46,4,1,1
BRDA:50,5,0,0
BRDA:50,5,1,1
BRDA:53,6,0,0
BRDA:53,6,1,1
BRDA:56,7,0,1
BRDA:56,7,1,1
BRDA:67,8,0,1
BRDA:67,8,1,0
BRDA:72,9,0,1
BRDA:72,9,1,0
BRDA:78,10,0,0
BRDA:78,10,1,1
BRF:22
BRH:17
end_of_record
